\BOOKMARK [1][-]{section.1}{\376\377\000E\000x\000e\000c\000u\000t\000i\000v\000e\000\040\000s\000u\000m\000m\000a\000r\000y}{}% 1
\BOOKMARK [1][-]{section.2}{\376\377\000I\000n\000t\000r\000o\000d\000u\000c\000t\000i\000o\000n}{}% 2
\BOOKMARK [2][-]{subsection.2.1}{\376\377\000W\000h\000e\000r\000e\000\040\000t\000h\000i\000s\000\040\000p\000r\000o\000j\000e\000c\000t\000\040\000f\000i\000t\000s\000\040\000i\000n}{section.2}% 3
\BOOKMARK [1][-]{section.3}{\376\377\000B\000a\000c\000k\000g\000r\000o\000u\000n\000d}{}% 4
\BOOKMARK [2][-]{subsection.3.1}{}{section.3}% 5
\BOOKMARK [2][-]{subsection.3.2}{\376\377\000D\000V\000I}{section.3}% 6
\BOOKMARK [2][-]{subsection.3.3}{\376\377\000T\000h\000e\000\040\000\050\000p\000r\000e\000-\000e\000x\000i\000s\000t\000i\000n\000g\000\051\000\040\000d\000v\000i\000r\000\040\000p\000a\000c\000k\000a\000g\000e}{section.3}% 7
\BOOKMARK [1][-]{section.4}{\376\377\000C\000o\000d\000e\000\040\000s\000p\000e\000e\000d\000\040\000\050\000p\000a\000r\000t\000\040\0001\000\051\000\040\000-\000\040\000r\000e\000m\000o\000v\000i\000n\000g\000\040\000r\000e\000d\000u\000n\000d\000a\000n\000t\000\040\000f\000o\000n\000t\000\040\000s\000w\000e\000e\000p\000s}{}% 8
\BOOKMARK [1][-]{section.5}{\376\377\000C\000o\000d\000e\000\040\000s\000p\000e\000e\000d\000\040\000\050\000p\000a\000r\000t\000\040\0002\000\051\000\040\000-\000\040\000f\000o\000n\000t\000\040\000c\000a\000c\000h\000i\000n\000g}{}% 9
\BOOKMARK [2][-]{subsection.5.1}{\376\377\000P\000r\000o\000f\000i\000l\000i\000n\000g\000\040\000e\000n\000v\000i\000r\000o\000n\000m\000e\000n\000t\000\040\000s\000p\000e\000c\000i\000f\000i\000c\000a\000t\000i\000o\000n\000s}{section.5}% 10
\BOOKMARK [1][-]{section.6}{\376\377\000L\000i\000n\000e\000a\000r\000\040\000g\000r\000a\000d\000i\000e\000n\000t\000\040\000f\000i\000l\000l\000s}{}% 11
\BOOKMARK [2][-]{subsection.6.1}{\376\377\000\040\000a\000n\000d\000\040\000d\000v\000i\000r}{section.6}% 12
\BOOKMARK [2][-]{subsection.6.2}{\376\377\000I\000m\000p\000l\000e\000m\000e\000n\000t\000i\000n\000g\000\040\000l\000i\000n\000e\000a\000r\000\040\000g\000r\000a\000d\000i\000e\000n\000t\000\040\000f\000i\000l\000l\000s\000\040\000i\000n\000\040\000d\000v\000i\000r}{section.6}% 13
\BOOKMARK [1][-]{section.7}{\376\377\000T\000e\000x\000t\000\040\000b\000a\000s\000e\000l\000i\000n\000e\000s}{}% 14
\BOOKMARK [2][-]{subsection.7.1}{\376\377\000T\000h\000e\000\040\000p\000r\000o\000b\000l\000e\000m}{section.7}% 15
\BOOKMARK [2][-]{subsection.7.2}{\376\377\000I\000m\000p\000l\000e\000m\000e\000n\000t\000a\000t\000i\000o\000n}{section.7}% 16
\BOOKMARK [2][-]{subsection.7.3}{\376\377\000P\000o\000t\000e\000n\000t\000i\000a\000l\000\040\000s\000o\000l\000u\000t\000i\000o\000n\000s}{section.7}% 17
\BOOKMARK [2][-]{subsection.7.4}{\376\377\000D\000i\000s\000c\000u\000s\000s\000i\000o\000n\000\040\000o\000f\000\040\000a\000l\000g\000o\000r\000i\000t\000h\000m\000s}{section.7}% 18
\BOOKMARK [1][-]{section.8}{\376\377\000C\000o\000n\000c\000l\000u\000s\000i\000o\000n}{}% 19
\BOOKMARK [1][-]{section.9}{\376\377\000R\000e\000f\000e\000r\000e\000n\000c\000e\000s}{}% 20
\BOOKMARK [1][-]{section.10}{\376\377\000A\000p\000p\000e\000n\000d\000i\000x}{}% 21
